[Running] node "c:\Users\gagui\Documents\OneDrive-Personal\OneDrive\Magister\git\Optimización en Ingeniería\soluciónConTestPerformance.js"
Máquinas: 1 Jobs:  1
Matriz de tiempos:  { j0: [ 37 ] }
Mejor permutación:  0  Tiempo:  37
[ 'j0' ]
-------------------------------
Perfomance: 0.51ms
Máquinas: 1 Jobs:  2
Matriz de tiempos:  { j0: [ 28 ], j1: [ 2 ] }
Mejor permutación:  0  Tiempo:  30
[ 'j0', 'j1' ]
-------------------------------
Perfomance: 0.235ms
Máquinas: 1 Jobs:  3
Matriz de tiempos:  { j0: [ 48 ], j1: [ 69 ], j2: [ 97 ] }
Mejor permutación:  0  Tiempo:  214
[ 'j0', 'j1', 'j2' ]
-------------------------------
Perfomance: 0.187ms
Máquinas: 1 Jobs:  4
Matriz de tiempos:  { j0: [ 53 ], j1: [ 79 ], j2: [ 88 ], j3: [ 3 ] }
Mejor permutación:  0  Tiempo:  223
[ 'j0', 'j1', 'j2', 'j3' ]
-------------------------------
Perfomance: 0.926ms
Máquinas: 1 Jobs:  5
Matriz de tiempos:  { j0: [ 61 ], j1: [ 11 ], j2: [ 25 ], j3: [ 54 ], j4: [ 96 ] }
Mejor permutación:  0  Tiempo:  247
[ 'j0', 'j1', 'j2', 'j3', 'j4' ]
-------------------------------
Perfomance: 0.749ms
Máquinas: 1 Jobs:  6
Matriz de tiempos:  {
  j0: [ 78 ],
  j1: [ 83 ],
  j2: [ 73 ],
  j3: [ 53 ],
  j4: [ 2 ],
  j5: [ 60 ]
}
Mejor permutación:  0  Tiempo:  349
[ 'j0', 'j1', 'j2', 'j3', 'j4', 'j5' ]
-------------------------------
Perfomance: 7.25ms
Máquinas: 1 Jobs:  7
Matriz de tiempos:  {
  j0: [ 45 ],
  j1: [ 82 ],
  j2: [ 67 ],
  j3: [ 42 ],
  j4: [ 6 ],
  j5: [ 10 ],
  j6: [ 71 ]
}
Mejor permutación:  0  Tiempo:  323
[
  'j0', 'j1',
  'j2', 'j3',
  'j4', 'j5',
  'j6'
]
-------------------------------
Perfomance: 37.519ms
Máquinas: 1 Jobs:  8
Matriz de tiempos:  {
  j0: [ 35 ],
  j1: [ 28 ],
  j2: [ 65 ],
  j3: [ 59 ],
  j4: [ 62 ],
  j5: [ 76 ],
  j6: [ 48 ],
  j7: [ 44 ]
}
Mejor permutación:  0  Tiempo:  417
[
  'j0', 'j1', 'j2',
  'j3', 'j4', 'j5',
  'j6', 'j7'
]
-------------------------------
Perfomance: 288.373ms
Máquinas: 1 Jobs:  9
Matriz de tiempos:  {
  j0: [ 66 ],
  j1: [ 5 ],
  j2: [ 4 ],
  j3: [ 92 ],
  j4: [ 84 ],
  j5: [ 37 ],
  j6: [ 8 ],
  j7: [ 83 ],
  j8: [ 69 ]
}
Mejor permutación:  0  Tiempo:  448
[
  'j0', 'j1', 'j2',
  'j3', 'j4', 'j5',
  'j6', 'j7', 'j8'
]
-------------------------------
Perfomance: 3.279s
Máquinas: 2 Jobs:  1
Matriz de tiempos:  { j0: [ 11, 96 ] }
Mejor permutación:  0  Tiempo:  107
[ 'j0' ]
-------------------------------
Perfomance: 0.169ms
Máquinas: 2 Jobs:  2
Matriz de tiempos:  { j0: [ 99, 60 ], j1: [ 46, 83 ] }
Mejor permutación:  1  Tiempo:  205
[ 'j1', 'j0' ]
-------------------------------
Perfomance: 0.096ms
Máquinas: 2 Jobs:  3
Matriz de tiempos:  { j0: [ 38, 11 ], j1: [ 62, 98 ], j2: [ 61, 43 ] }
Mejor permutación:  2  Tiempo:  214
[ 'j1', 'j0', 'j2' ]
-------------------------------
Perfomance: 0.127ms
Máquinas: 2 Jobs:  4
Matriz de tiempos:  { j0: [ 60, 43 ], j1: [ 82, 77 ], j2: [ 24, 74 ], j3: [ 34, 83 ] }
Mejor permutación:  13  Tiempo:  301
[ 'j2', 'j0', 'j3', 'j1' ]
-------------------------------
Perfomance: 0.183ms
Máquinas: 2 Jobs:  5
Matriz de tiempos:  {
  j0: [ 12, 45 ],
  j1: [ 27, 86 ],
  j2: [ 4, 72 ],
  j3: [ 70, 51 ],
  j4: [ 98, 50 ]
}
Mejor permutación:  48  Tiempo:  308
[ 'j2', 'j0', 'j1', 'j3', 'j4' ]
-------------------------------
Perfomance: 0.554ms
Máquinas: 2 Jobs:  6
Matriz de tiempos:  {
  j0: [ 6, 44 ],
  j1: [ 50, 17 ],
  j2: [ 1, 86 ],
  j3: [ 50, 63 ],
  j4: [ 43, 76 ],
  j5: [ 93, 6 ]
}
Mejor permutación:  240  Tiempo:  293
[ 'j2', 'j0', 'j1', 'j3', 'j4', 'j5' ]
-------------------------------
Perfomance: 3.263ms
Máquinas: 2 Jobs:  7
Matriz de tiempos:  {
  j0: [ 28, 79 ],
  j1: [ 29, 2 ],
  j2: [ 36, 10 ],
  j3: [ 58, 96 ],
  j4: [ 33, 93 ],
  j5: [ 11, 26 ],
  j6: [ 75, 67 ]
}
Mejor permutación:  3612  Tiempo:  386
[
  'j5', 'j0',
  'j1', 'j4',
  'j2', 'j3',
  'j6'
]
-------------------------------
Perfomance: 49.343ms
Máquinas: 2 Jobs:  8
Matriz de tiempos:  {
  j0: [ 30, 14 ],
  j1: [ 69, 26 ],
  j2: [ 4, 91 ],
  j3: [ 39, 43 ],
  j4: [ 66, 53 ],
  j5: [ 51, 54 ],
  j6: [ 24, 67 ],
  j7: [ 48, 89 ]
}
Mejor permutación:  10152  Tiempo:  441
[
  'j2', 'j0', 'j1',
  'j6', 'j3', 'j4',
  'j5', 'j7'
]
-------------------------------
Perfomance: 244.117ms
Máquinas: 2 Jobs:  9
Matriz de tiempos:  {
  j0: [ 45, 52 ],
  j1: [ 66, 22 ],
  j2: [ 48, 6 ],
  j3: [ 94, 25 ],
  j4: [ 74, 37 ],
  j5: [ 73, 79 ],
  j6: [ 57, 64 ],
  j7: [ 73, 3 ],
  j8: [ 3, 70 ]
}
Mejor permutación:  102  Tiempo:  536
[
  'j0', 'j1', 'j2',
  'j3', 'j8', 'j5',
  'j4', 'j6', 'j7'
]
-------------------------------
Perfomance: 3.571s
Máquinas: 3 Jobs:  1
Matriz de tiempos:  { j0: [ 33, 3, 3 ] }
Mejor permutación:  0  Tiempo:  39
[ 'j0' ]
-------------------------------
Perfomance: 0.058ms
Máquinas: 3 Jobs:  2
Matriz de tiempos:  { j0: [ 82, 40, 15 ], j1: [ 92, 12, 79 ] }
Mejor permutación:  1  Tiempo:  229
[ 'j1', 'j0' ]
-------------------------------
Perfomance: 0.063ms
Máquinas: 3 Jobs:  3
Matriz de tiempos:  { j0: [ 77, 87, 56 ], j1: [ 47, 84, 82 ], j2: [ 2, 46, 100 ] }
Mejor permutación:  5  Tiempo:  286
[ 'j2', 'j1', 'j0' ]
-------------------------------
Perfomance: 0.066ms
Máquinas: 3 Jobs:  4
Matriz de tiempos:  {
  j0: [ 23, 74, 37 ],
  j1: [ 42, 39, 72 ],
  j2: [ 89, 69, 14 ],
  j3: [ 68, 92, 67 ]
}
Mejor permutación:  1  Tiempo:  311
[ 'j0', 'j1', 'j3', 'j2' ]
-------------------------------
Perfomance: 0.111ms
Máquinas: 3 Jobs:  5
Matriz de tiempos:  {
  j0: [ 28, 75, 90 ],
  j1: [ 23, 37, 38 ],
  j2: [ 53, 62, 90 ],
  j3: [ 43, 23, 46 ],
  j4: [ 14, 58, 25 ]
}
Mejor permutación:  36  Tiempo:  374
[ 'j1', 'j3', 'j0', 'j2', 'j4' ]
-------------------------------
Perfomance: 0.348ms
Máquinas: 3 Jobs:  6
Matriz de tiempos:  {
  j0: [ 7, 18, 95 ],
  j1: [ 62, 92, 1 ],
  j2: [ 74, 50, 11 ],
  j3: [ 36, 84, 75 ],
  j4: [ 91, 4, 69 ],
  j5: [ 65, 67, 47 ]
}
Mejor permutación:  51  Tiempo:  396
[ 'j0', 'j3', 'j1', 'j4', 'j5', 'j2' ]
-------------------------------
Perfomance: 2.848ms
Máquinas: 3 Jobs:  7
Matriz de tiempos:  {
  j0: [ 16, 32, 10 ],
  j1: [ 77, 89, 28 ],
  j2: [ 8, 76, 19 ],
  j3: [ 72, 16, 30 ],
  j4: [ 12, 7, 61 ],
  j5: [ 87, 49, 61 ],
  j6: [ 28, 82, 4 ]
}
Mejor permutación:  1625  Tiempo:  373
[
  'j2', 'j1',
  'j4', 'j5',
  'j6', 'j3',
  'j0'
]
-------------------------------
Perfomance: 30.08ms
Máquinas: 3 Jobs:  8
Matriz de tiempos:  {
  j0: [ 52, 8, 90 ],
  j1: [ 98, 15, 6 ],
  j2: [ 17, 27, 88 ],
  j3: [ 58, 48, 59 ],
  j4: [ 26, 6, 2 ],
  j5: [ 34, 12, 26 ],
  j6: [ 70, 61, 14 ],
  j7: [ 64, 86, 30 ]
}
Mejor permutación:  904  Tiempo:  427
[
  'j0', 'j2', 'j3',
  'j5', 'j6', 'j7',
  'j1', 'j4'
]
-------------------------------
Perfomance: 267.508ms
Máquinas: 3 Jobs:  9
Matriz de tiempos:  {
  j0: [ 46, 67, 76 ],
  j1: [ 54, 44, 26 ],
  j2: [ 53, 59, 20 ],
  j3: [ 52, 68, 58 ],
  j4: [ 44, 78, 85 ],
  j5: [ 47, 72, 36 ],
  j6: [ 13, 49, 36 ],
  j7: [ 56, 99, 20 ],
  j8: [ 79, 91, 86 ]
}
Mejor permutación:  241921  Tiempo:  660
[
  'j6', 'j0', 'j1',
  'j2', 'j3', 'j4',
  'j5', 'j8', 'j7'
]
-------------------------------
Perfomance: 4.142s
Máquinas: 4 Jobs:  1
Matriz de tiempos:  { j0: [ 99, 2, 10, 90 ] }
Mejor permutación:  0  Tiempo:  201
[ 'j0' ]
-------------------------------
Perfomance: 0.06ms
Máquinas: 4 Jobs:  2
Matriz de tiempos:  { j0: [ 95, 80, 10, 77 ], j1: [ 87, 69, 35, 51 ] }
Mejor permutación:  0  Tiempo:  337
[ 'j0', 'j1' ]
-------------------------------
Perfomance: 0.059ms
Máquinas: 4 Jobs:  3
Matriz de tiempos:  { j0: [ 97, 72, 23, 8 ], j1: [ 11, 89, 51, 4 ], j2: [ 75, 3, 52, 16 ] }
Mejor permutación:  2  Tiempo:  271
[ 'j1', 'j0', 'j2' ]
-------------------------------
Perfomance: 0.07ms
Máquinas: 4 Jobs:  4
Matriz de tiempos:  {
  j0: [ 3, 24, 97, 89 ],
  j1: [ 95, 52, 2, 6 ],
  j2: [ 96, 41, 63, 83 ],
  j3: [ 31, 50, 17, 16 ]
}
Mejor permutación:  3  Tiempo:  318
[ 'j0', 'j2', 'j3', 'j1' ]
-------------------------------
Perfomance: 0.263ms
Máquinas: 4 Jobs:  5
Matriz de tiempos:  {
  j0: [ 42, 41, 40, 32 ],
  j1: [ 18, 96, 94, 48 ],
  j2: [ 70, 32, 28, 56 ],
  j3: [ 63, 90, 13, 38 ],
  j4: [ 25, 50, 75, 36 ]
}
Mejor permutación:  35  Tiempo:  418
[ 'j1', 'j2', 'j4', 'j3', 'j0' ]
-------------------------------
Perfomance: 0.365ms
Máquinas: 4 Jobs:  6
Matriz de tiempos:  {
  j0: [ 8, 18, 96, 42 ],
  j1: [ 86, 9, 11, 24 ],
  j2: [ 60, 58, 67, 81 ],
  j3: [ 51, 72, 98, 39 ],
  j4: [ 9, 91, 48, 19 ],
  j5: [ 40, 63, 68, 24 ]
}
Mejor permutación:  104  Tiempo:  437
[ 'j0', 'j5', 'j2', 'j3', 'j1', 'j4' ]
-------------------------------
Perfomance: 1.968ms
Máquinas: 4 Jobs:  7
Matriz de tiempos:  {
  j0: [ 11, 92, 61, 67 ],
  j1: [ 73, 94, 66, 49 ],
  j2: [ 2, 79, 64, 32 ],
  j3: [ 89, 35, 20, 59 ],
  j4: [ 21, 7, 86, 33 ],
  j5: [ 37, 56, 50, 80 ],
  j6: [ 65, 21, 95, 22 ]
}
Mejor permutación:  2969  Tiempo:  532
[
  'j4', 'j0',
  'j5', 'j3',
  'j6', 'j2',
  'j1'
]
-------------------------------
Perfomance: 49.267ms
Máquinas: 4 Jobs:  8
Matriz de tiempos:  {
  j0: [ 95, 52, 18, 49 ],
  j1: [ 73, 44, 32, 41 ],
  j2: [ 7, 81, 11, 73 ],
  j3: [ 32, 47, 48, 34 ],
  j4: [ 98, 16, 93, 32 ],
  j5: [ 47, 53, 31, 99 ],
  j6: [ 71, 78, 65, 59 ],
  j7: [ 52, 98, 20, 77 ]
}
Mejor permutación:  13555  Tiempo:  592
[
  'j2', 'j5', 'j6',
  'j7', 'j4', 'j0',
  'j3', 'j1'
]
-------------------------------
Perfomance: 343.288ms
Máquinas: 4 Jobs:  9
Matriz de tiempos:  {
  j0: [ 70, 97, 78, 67 ],
  j1: [ 36, 12, 8, 39 ],
  j2: [ 81, 21, 11, 67 ],
  j3: [ 27, 9, 19, 58 ],
  j4: [ 7, 55, 44, 30 ],
  j5: [ 98, 63, 39, 61 ],
  j6: [ 96, 12, 56, 82 ],
  j7: [ 16, 79, 78, 20 ],
  j8: [ 2, 14, 38, 10 ]
}
Mejor permutación:  52440  Tiempo:  614
[
  'j1', 'j3', 'j4',
  'j8', 'j0', 'j2',
  'j5', 'j6', 'j7'
]
-------------------------------
Perfomance: 4.704s
Máquinas: 5 Jobs:  1
Matriz de tiempos:  { j0: [ 52, 64, 7, 80, 25 ] }
Mejor permutación:  0  Tiempo:  228
[ 'j0' ]
-------------------------------
Perfomance: 0.058ms
Máquinas: 5 Jobs:  2
Matriz de tiempos:  { j0: [ 28, 46, 4, 90, 93 ], j1: [ 61, 7, 93, 86, 58 ] }
Mejor permutación:  0  Tiempo:  333
[ 'j0', 'j1' ]
-------------------------------
Perfomance: 0.058ms
Máquinas: 5 Jobs:  3
Matriz de tiempos:  {
  j0: [ 29, 50, 64, 19, 90 ],
  j1: [ 52, 43, 56, 30, 75 ],
  j2: [ 80, 40, 5, 54, 74 ]
}
Mejor permutación:  0  Tiempo:  401
[ 'j0', 'j1', 'j2' ]
-------------------------------
Perfomance: 0.069ms
Máquinas: 5 Jobs:  4
Matriz de tiempos:  {
  j0: [ 29, 24, 81, 85, 48 ],
  j1: [ 91, 9, 80, 12, 4 ],
  j2: [ 62, 70, 59, 93, 61 ],
  j3: [ 24, 85, 96, 77, 68 ]
}
Mejor permutación:  5  Tiempo:  469
[ 'j0', 'j3', 'j2', 'j1' ]
-------------------------------
Perfomance: 0.144ms
Máquinas: 5 Jobs:  5
Matriz de tiempos:  {
  j0: [ 36, 96, 41, 78, 89 ],
  j1: [ 43, 47, 66, 8, 53 ],
  j2: [ 14, 23, 87, 1, 94 ],
  j3: [ 26, 40, 77, 31, 96 ],
  j4: [ 3, 79, 96, 52, 87 ]
}
Mejor permutación:  60  Tiempo:  557
[ 'j2', 'j3', 'j0', 'j1', 'j4' ]
-------------------------------
Perfomance: 0.398ms
Máquinas: 5 Jobs:  6
Matriz de tiempos:  {
  j0: [ 80, 96, 27, 71, 68 ],
  j1: [ 51, 85, 91, 58, 56 ],
  j2: [ 98, 2, 57, 40, 18 ],
  j3: [ 35, 14, 22, 99, 94 ],
  j4: [ 71, 5, 1, 43, 52 ],
  j5: [ 80, 4, 78, 80, 16 ]
}
Mejor permutación:  387  Tiempo:  572
[ 'j3', 'j1', 'j0', 'j4', 'j5', 'j2' ]
-------------------------------
Perfomance: 9.029ms
Máquinas: 5 Jobs:  7
Matriz de tiempos:  {
  j0: [ 53, 27, 96, 94, 52 ],
  j1: [ 56, 55, 68, 67, 55 ],
  j2: [ 81, 34, 67, 14, 66 ],
  j3: [ 86, 4, 73, 21, 86 ],
  j4: [ 25, 8, 33, 61, 49 ],
  j5: [ 43, 46, 63, 34, 53 ],
  j6: [ 92, 93, 6, 2, 56 ]
}
Mejor permutación:  2904  Tiempo:  663
[
  'j4', 'j0',
  'j2', 'j1',
  'j3', 'j5',
  'j6'
]
-------------------------------
Perfomance: 55.738ms
Máquinas: 5 Jobs:  8
Matriz de tiempos:  {
  j0: [ 63, 45, 8, 2, 38 ],
  j1: [ 16, 22, 23, 63, 49 ],
  j2: [ 49, 7, 89, 25, 20 ],
  j3: [ 73, 75, 66, 67, 20 ],
  j4: [ 88, 13, 60, 98, 84 ],
  j5: [ 50, 9, 69, 57, 63 ],
  j6: [ 36, 83, 93, 78, 25 ],
  j7: [ 15, 41, 36, 15, 78 ]
}
Mejor permutación:  7894  Tiempo:  604
[
  'j1', 'j4', 'j7',
  'j5', 'j6', 'j3',
  'j0', 'j2'
]
-------------------------------
Perfomance: 399.261ms
Máquinas: 5 Jobs:  9
Matriz de tiempos:  {
  j0: [ 100, 81, 74, 96, 1 ],
  j1: [ 80, 15, 92, 35, 35 ],
  j2: [ 86, 65, 54, 60, 56 ],
  j3: [ 83, 73, 59, 82, 8 ],
  j4: [ 3, 42, 45, 7, 66 ],
  j5: [ 100, 33, 54, 69, 60 ],
  j6: [ 5, 78, 79, 20, 60 ],
  j7: [ 49, 71, 96, 15, 60 ],
  j8: [ 78, 14, 46, 43, 38 ]
}
Mejor permutación:  186801  Tiempo:  761
[
  'j4', 'j6', 'j0',
  'j3', 'j7', 'j2',
  'j5', 'j8', 'j1'
]
-------------------------------
Perfomance: 5.001s
Máquinas: 6 Jobs:  1
Matriz de tiempos:  { j0: [ 67, 46, 14, 27, 14, 71 ] }
Mejor permutación:  0  Tiempo:  239
[ 'j0' ]
-------------------------------
Perfomance: 0.063ms
Máquinas: 6 Jobs:  2
Matriz de tiempos:  { j0: [ 17, 32, 33, 76, 69, 20 ], j1: [ 59, 60, 90, 59, 68, 86 ] }
Mejor permutación:  0  Tiempo:  439
[ 'j0', 'j1' ]
-------------------------------
Perfomance: 0.063ms
Máquinas: 6 Jobs:  3
Matriz de tiempos:  {
  j0: [ 99, 56, 45, 98, 73, 80 ],
  j1: [ 63, 27, 78, 89, 59, 51 ],
  j2: [ 16, 60, 41, 48, 29, 58 ]
}
Mejor permutación:  4  Tiempo:  518
[ 'j2', 'j0', 'j1' ]
-------------------------------
Perfomance: 0.074ms
Máquinas: 6 Jobs:  4
Matriz de tiempos:  {
  j0: [ 45, 17, 58, 100, 14, 30 ],
  j1: [ 79, 64, 4, 14, 11, 57 ],
  j2: [ 96, 17, 53, 39, 3, 71 ],
  j3: [ 90, 52, 43, 10, 52, 18 ]
}
Mejor permutación:  3  Tiempo:  463
[ 'j0', 'j2', 'j3', 'j1' ]
-------------------------------
Perfomance: 0.129ms
Máquinas: 6 Jobs:  5
Matriz de tiempos:  {
  j0: [ 89, 62, 2, 92, 59, 65 ],
  j1: [ 95, 70, 12, 70, 5, 10 ],
  j2: [ 88, 46, 42, 73, 64, 38 ],
  j3: [ 96, 64, 66, 48, 80, 47 ],
  j4: [ 71, 18, 31, 87, 64, 94 ]
}
Mejor permutación:  115  Tiempo:  622
[ 'j4', 'j3', 'j0', 'j2', 'j1' ]
-------------------------------
Perfomance: 0.46ms
Máquinas: 6 Jobs:  6
Matriz de tiempos:  {
  j0: [ 78, 82, 85, 29, 81, 79 ],
  j1: [ 15, 30, 8, 40, 8, 100 ],
  j2: [ 30, 92, 67, 23, 39, 89 ],
  j3: [ 86, 55, 16, 56, 51, 93 ],
  j4: [ 47, 8, 33, 43, 38, 65 ],
  j5: [ 100, 31, 68, 79, 65, 54 ]
}
Mejor permutación:  156  Tiempo:  673
[ 'j1', 'j2', 'j4', 'j0', 'j3', 'j5' ]
-------------------------------
Perfomance: 2.443ms
Máquinas: 6 Jobs:  7
Matriz de tiempos:  {
  j0: [ 66, 75, 21, 7, 81, 59 ],
  j1: [ 60, 15, 59, 27, 37, 61 ],
  j2: [ 58, 51, 75, 59, 32, 68 ],
  j3: [ 40, 1, 83, 50, 43, 14 ],
  j4: [ 52, 31, 49, 79, 25, 60 ],
  j5: [ 6, 85, 20, 96, 65, 30 ],
  j6: [ 57, 31, 85, 64, 99, 23 ]
}
Mejor permutación:  4084  Tiempo:  642
[
  'j5', 'j4',
  'j0', 'j1',
  'j6', 'j2',
  'j3'
]
-------------------------------
Perfomance: 90.329ms
Máquinas: 6 Jobs:  8
Matriz de tiempos:  {
  j0: [ 8, 52, 73, 70, 97, 45 ],
  j1: [ 76, 31, 89, 2, 27, 27 ],
  j2: [ 50, 90, 2, 33, 63, 29 ],
  j3: [ 56, 3, 37, 60, 25, 95 ],
  j4: [ 59, 93, 61, 31, 16, 87 ],
  j5: [ 10, 61, 52, 23, 29, 100 ],
  j6: [ 62, 37, 30, 12, 20, 77 ],
  j7: [ 35, 30, 81, 96, 23, 83 ]
}
Mejor permutación:  28050  Tiempo:  718
[
  'j5', 'j3', 'j7',
  'j4', 'j6', 'j0',
  'j1', 'j2'
]
-------------------------------
Perfomance: 402.992ms
Máquinas: 6 Jobs:  9
Matriz de tiempos:  {
  j0: [ 34, 63, 66, 53, 78, 24 ],
  j1: [ 41, 80, 97, 30, 80, 85 ],
  j2: [ 29, 96, 80, 24, 26, 21 ],
  j3: [ 75, 56, 79, 2, 97, 12 ],
  j4: [ 13, 42, 57, 50, 44, 44 ],
  j5: [ 29, 26, 38, 40, 38, 75 ],
  j6: [ 12, 30, 2, 38, 77, 19 ],
  j7: [ 26, 63, 63, 25, 23, 65 ],
  j8: [ 89, 98, 84, 84, 78, 38 ]
}
Mejor permutación:  184726  Tiempo:  757
[
  'j4', 'j5', 'j6',
  'j3', 'j1', 'j8',
  'j7', 'j0', 'j2'
]
-------------------------------
Perfomance: 7.003s
Máquinas: 7 Jobs:  1
Matriz de tiempos:  { j0: [
    57, 92, 86, 65,
     9, 58, 37
  ] }
Mejor permutación:  0  Tiempo:  404
[ 'j0' ]
-------------------------------
Perfomance: 0.07ms
Máquinas: 7 Jobs:  2
Matriz de tiempos:  {
  j0: [
    7, 78, 32, 28,
    4,  7, 22
  ],
  j1: [
    51, 95, 45, 74,
    62,  9, 78
  ]
}
Mejor permutación:  1  Tiempo:  436
[ 'j1', 'j0' ]
-------------------------------
Perfomance: 0.066ms
Máquinas: 7 Jobs:  3
Matriz de tiempos:  {
  j0: [
    16, 45, 100, 9,
    76, 99,  16
  ],
  j1: [
    62, 47, 54, 32,
    42, 14, 71
  ],
  j2: [
    59, 33, 18, 95,
    62, 62, 85
  ]
}
Mejor permutación:  5  Tiempo:  522
[ 'j2', 'j1', 'j0' ]
-------------------------------
Perfomance: 0.079ms
Máquinas: 7 Jobs:  4
Matriz de tiempos:  {
  j0: [
    24, 49, 74, 50,
    82, 96, 35
  ],
  j1: [
    49, 89, 74, 97,
    37, 52, 19
  ],
  j2: [
    34, 61,  1, 51,
    37, 87, 65
  ],
  j3: [
    25, 33, 55, 95,
     5, 16, 74
  ]
}
Mejor permutación:  22  Tiempo:  558
[ 'j3', 'j2', 'j0', 'j1' ]
-------------------------------
Perfomance: 0.141ms
Máquinas: 7 Jobs:  5
Matriz de tiempos:  {
  j0: [
    80, 46, 59, 70,
    54, 98,  3
  ],
  j1: [
    49, 98, 56, 82,
    90, 31, 98
  ],
  j2: [
    97, 17, 78, 57,
    65, 78, 12
  ],
  j3: [
    57, 26,  2, 62,
    45, 53, 54
  ],
  j4: [
    69, 80, 38, 48,
    93, 22, 20
  ]
}
Mejor permutación:  36  Tiempo:  692
[ 'j1', 'j3', 'j0', 'j2', 'j4' ]
-------------------------------
Perfomance: 0.485ms
Máquinas: 7 Jobs:  6
Matriz de tiempos:  {
  j0: [
    34,  8, 96, 36,
    66, 63, 67
  ],
  j1: [
    45, 80, 43, 2,
    84, 18, 46
  ],
  j2: [
    95, 51, 49, 46,
    19, 25, 90
  ],
  j3: [
    36, 98, 35, 45,
    46, 35, 32
  ],
  j4: [
    95, 22, 98, 3,
    76, 43, 86
  ],
  j5: [
    13, 42, 24, 15,
    93, 56,  6
  ]
}
Mejor permutación:  60  Tiempo:  651
[ 'j0', 'j3', 'j4', 'j1', 'j2', 'j5' ]
-------------------------------
Perfomance: 2.665ms
Máquinas: 7 Jobs:  7
Matriz de tiempos:  {
  j0: [
    75, 68, 88, 55,
    73, 40, 13
  ],
  j1: [
    17, 14, 54, 81,
    32, 48, 18
  ],
  j2: [
    10, 64, 70, 72,
    48, 95, 99
  ],
  j3: [
    35, 71,  1, 37,
    95, 86, 15
  ],
  j4: [
    19, 79, 49, 23,
    68, 41, 38
  ],
  j5: [
    91, 84, 31, 22,
    10, 67, 36
  ],
  j6: [
    25, 11, 17, 60,
    87, 86, 60
  ]
}
Mejor permutación:  4601  Tiempo:  685
[
  'j6', 'j2',
  'j1', 'j4',
  'j5', 'j3',
  'j0'
]
-------------------------------
Perfomance: 66.826ms
Máquinas: 7 Jobs:  8
Matriz de tiempos:  {
  j0: [
     2, 81, 54, 58,
    63, 88, 87
  ],
  j1: [
    79, 84,  3, 90,
    87, 49, 58
  ],
  j2: [
    67, 47, 76, 34,
    22, 17,  1
  ],
  j3: [
    28, 59, 17, 77,
    46, 67, 79
  ],
  j4: [
    31, 37, 35, 98,
    75, 12, 97
  ],
  j5: [
    57, 97,  1, 69,
    95, 61, 45
  ],
  j6: [
    46, 82, 15, 10,
    72, 93, 58
  ],
  j7: [
    61,  9, 20, 61,
    59, 34, 59
  ]
}
Mejor permutación:  19396  Tiempo:  797
[
  'j3', 'j6', 'j7',
  'j4', 'j0', 'j5',
  'j1', 'j2'
]
-------------------------------
Perfomance: 455.746ms
Máquinas: 7 Jobs:  9
Matriz de tiempos:  {
  j0: [
    71, 95, 71, 38,
    17, 70, 86
  ],
  j1: [
    79, 12, 96, 62,
    89, 21, 79
  ],
  j2: [
    47,  25, 51, 90,
    51, 100, 41
  ],
  j3: [
    73, 49, 21, 43,
     7, 13, 44
  ],
  j4: [
    88, 83, 45, 65,
    30, 75, 93
  ],
  j5: [
    11, 68, 19, 68,
    24, 23,  2
  ],
  j6: [
    79, 66, 41, 18,
    97, 79, 30
  ],
  j7: [
    68, 83, 68, 45,
    55, 71, 64
  ],
  j8: [
    82, 68, 81, 14,
    92, 92, 76
  ]
}
Mejor permutación:  85915  Tiempo:  938
[
  'j2', 'j1', 'j0',
  'j4', 'j8', 'j7',
  'j3', 'j6', 'j5'
]
-------------------------------
Perfomance: 8.749s
Máquinas: 8 Jobs:  1
Matriz de tiempos:  { j0: [
    31, 60, 53, 20,
    83, 98, 98, 31
  ] }
Mejor permutación:  0  Tiempo:  474
[ 'j0' ]
-------------------------------
Perfomance: 0.095ms
Máquinas: 8 Jobs:  2
Matriz de tiempos:  {
  j0: [
    83, 67, 96, 90,
    74, 33, 40, 42
  ],
  j1: [
    12, 14, 58, 71,
    47, 41, 49, 28
  ]
}
Mejor permutación:  1  Tiempo:  537
[ 'j1', 'j0' ]
-------------------------------
Perfomance: 0.094ms
Máquinas: 8 Jobs:  3
Matriz de tiempos:  {
  j0: [
    70, 27, 13, 74,
    26,  6, 15, 50
  ],
  j1: [
    67, 37,  2, 77,
    57,  4, 94, 80
  ],
  j2: [
     3, 81, 45, 16,
    25,  1, 21, 92
  ]
}
Mejor permutación:  5  Tiempo:  507
[ 'j2', 'j1', 'j0' ]
-------------------------------
Perfomance: 0.117ms
Máquinas: 8 Jobs:  4
Matriz de tiempos:  {
  j0: [
    48, 23, 40, 84,
    99, 72,  3, 83
  ],
  j1: [
     5, 40, 83, 95,
    94, 48, 62, 32
  ],
  j2: [
    62, 80, 90, 18,
    72, 47,  8, 78
  ],
  j3: [
    56, 11, 70, 16,
    12, 52, 36, 51
  ]
}
Mejor permutación:  0  Tiempo:  659
[ 'j0', 'j1', 'j2', 'j3' ]
-------------------------------
Perfomance: 0.234ms
Máquinas: 8 Jobs:  5
Matriz de tiempos:  {
  j0: [
    19, 70,  4, 77,
    86, 63, 90, 89
  ],
  j1: [
    55, 43, 81, 30,
    39, 17, 11, 65
  ],
  j2: [
    25, 19,  4, 42,
    29, 56, 17, 50
  ],
  j3: [
    60, 67, 27, 59,
    66, 54, 51, 93
  ],
  j4: [
    78, 38, 34, 56,
    18, 73, 99, 56
  ]
}
Mejor permutación:  48  Tiempo:  737
[ 'j2', 'j0', 'j1', 'j3', 'j4' ]
-------------------------------
Perfomance: 0.91ms
Máquinas: 8 Jobs:  6
Matriz de tiempos:  {
  j0: [
    13, 31, 33, 90,
    54, 90, 25, 74
  ],
  j1: [
    87, 46, 99,  8,
    93, 42, 39, 26
  ],
  j2: [
     3, 27, 46, 16,
    51,  2, 34, 40
  ],
  j3: [
     4, 17, 19, 44,
    26, 51, 55, 52
  ],
  j4: [
    94, 66, 74, 11,
    44, 92, 93, 30
  ],
  j5: [
    91, 21, 54, 87,
    40, 80, 14, 68
  ]
}
Mejor permutación:  369  Tiempo:  645
[ 'j3', 'j0', 'j2', 'j4', 'j5', 'j1' ]
-------------------------------
Perfomance: 4.2ms
Máquinas: 8 Jobs:  7
Matriz de tiempos:  {
  j0: [
    14, 24, 37, 51,
    55, 19, 27,  4
  ],
  j1: [
    11, 22, 89, 15,
    34, 80, 56,  5
  ],
  j2: [
    70, 47, 38, 60,
    70, 80, 57, 57
  ],
  j3: [
    39, 65, 87, 46,
    12, 33, 10, 39
  ],
  j4: [
    92, 29, 49, 32,
    52, 61, 78, 14
  ],
  j5: [
    51, 93, 69, 37,
     3, 84, 11, 37
  ],
  j6: [
     2, 44, 32, 39,
    29, 44, 97, 27
  ]
}
Mejor permutación:  1353  Tiempo:  633
[
  'j1', 'j6',
  'j2', 'j3',
  'j4', 'j5',
  'j0'
]
-------------------------------
Perfomance: 98.352ms
Máquinas: 8 Jobs:  8
Matriz de tiempos:  {
  j0: [
    30, 64, 54,  99,
    97, 75, 64, 100
  ],
  j1: [
    45, 30, 66, 12,
    59, 25, 74, 59
  ],
  j2: [
    93, 65, 18, 66,
    83, 51, 56, 36
  ],
  j3: [
    69, 54,  7, 37,
    89, 11, 45, 49
  ],
  j4: [
    58, 86, 19, 46,
    59, 78, 92, 48
  ],
  j5: [
     4, 53, 48, 87,
    26, 59, 59, 74
  ],
  j6: [
     8, 91, 56, 81,
    76, 30, 99, 79
  ],
  j7: [
    89, 69, 83, 35,
    42, 80, 95, 69
  ]
}
Mejor permutación:  26509  Tiempo:  956
[
  'j5', 'j1', 'j6',
  'j7', 'j3', 'j0',
  'j4', 'j2'
]
-------------------------------
Perfomance: 527.515ms
Máquinas: 8 Jobs:  9
Matriz de tiempos:  {
  j0: [
    36, 61, 85, 73,
    88, 65, 28, 70
  ],
  j1: [
    77, 31, 41, 49,
    50, 94, 24, 27
  ],
  j2: [
    27, 83, 79, 18,
    42, 28, 63, 85
  ],
  j3: [
    32, 76, 81, 100,
    65, 20, 25,  76
  ],
  j4: [
    15, 99, 100, 36,
    26, 15,  73, 88
  ],
  j5: [
    58,  2, 39, 52,
     5, 75, 66, 88
  ],
  j6: [
    72, 11,  4,  8,
    44, 14, 24, 71
  ],
  j7: [
     1, 27, 12, 92,
    56, 96, 34, 90
  ],
  j8: [
    18, 77, 19, 56,
    93, 45, 51, 84
  ]
}
Mejor permutación:  215040  Tiempo:  989
[
  'j5', 'j2', 'j6',
  'j7', 'j0', 'j1',
  'j3', 'j4', 'j8'
]
-------------------------------
Perfomance: 9.822s
Máquinas: 9 Jobs:  1
Matriz de tiempos:  { j0: [
    87, 62, 36, 97, 53,
    85, 86,  8, 17
  ] }
Mejor permutación:  0  Tiempo:  531
[ 'j0' ]
-------------------------------
Perfomance: 0.07ms
Máquinas: 9 Jobs:  2
Matriz de tiempos:  {
  j0: [
    37,  6, 94, 45, 78,
    78, 46, 15, 98
  ],
  j1: [
    30, 59, 94, 87, 88,
    32, 36, 77, 89
  ]
}
Mejor permutación:  0  Tiempo:  640
[ 'j0', 'j1' ]
-------------------------------
Perfomance: 0.098ms
Máquinas: 9 Jobs:  3
Matriz de tiempos:  {
  j0: [
    92, 91, 56,  9, 17,
    68, 16,  1, 96
  ],
  j1: [
    20, 72, 53, 71, 43,
    15,  7, 91, 22
  ],
  j2: [
    30, 16, 48, 62, 27,
    91, 22, 85, 48
  ]
}
Mejor permutación:  4  Tiempo:  587
[ 'j2', 'j0', 'j1' ]
-------------------------------
Perfomance: 0.089ms
Máquinas: 9 Jobs:  4
Matriz de tiempos:  {
  j0: [
     3, 86, 94, 76, 93,
    31, 68,  7, 10
  ],
  j1: [
    92, 64, 46, 30, 45,
    89, 51, 57, 35
  ],
  j2: [
    53, 75, 15, 47, 83,
    58, 41, 70, 12
  ],
  j3: [
    28, 49, 14,  8, 15,
    37, 91, 36, 35
  ]
}
Mejor permutación:  23  Tiempo:  702
[ 'j3', 'j2', 'j1', 'j0' ]
-------------------------------
Perfomance: 0.163ms
Máquinas: 9 Jobs:  5
Matriz de tiempos:  {
  j0: [
    61, 16, 21,  3, 76,
    10, 73, 17, 38
  ],
  j1: [
    12, 24, 64, 88, 86,
    86, 45,  9, 16
  ],
  j2: [
    57, 90, 41,  9, 10,
    98, 99, 36, 27
  ],
  j3: [
    66, 83, 24, 92, 3,
    92, 86, 30, 16
  ],
  j4: [
    12, 12, 35, 46, 65,
     7, 59, 57, 76
  ]
}
Mejor permutación:  112  Tiempo:  691
[ 'j4', 'j2', 'j3', 'j0', 'j1' ]
-------------------------------
Perfomance: 0.597ms
Máquinas: 9 Jobs:  6
Matriz de tiempos:  {
  j0: [
    80, 88, 59, 11, 20,
    29, 15, 64, 85
  ],
  j1: [
    56, 22, 91, 40, 70,
    24, 91, 88, 66
  ],
  j2: [
     6, 37, 85, 33, 21,
    21, 91, 55, 29
  ],
  j3: [
    75, 62, 75, 37, 68,
    33, 66, 99, 79
  ],
  j4: [
    96, 63, 42, 92, 90,
    74, 78, 72, 64
  ],
  j5: [
     3, 25, 37, 30, 34,
    37, 41,  7, 26
  ]
}
Mejor permutación:  654  Tiempo:  891
[ 'j5', 'j2', 'j1', 'j0', 'j3', 'j4' ]
-------------------------------
Perfomance: 3.496ms
Máquinas: 9 Jobs:  7
Matriz de tiempos:  {
  j0: [
    80, 62, 81, 60, 10,
    35, 71,  3, 81
  ],
  j1: [
    40, 22, 55, 93, 38,
    68, 87, 82, 85
  ],
  j2: [
    22, 67, 62, 33, 4,
    95, 64, 94, 15
  ],
  j3: [
    72, 77, 12, 36, 57,
    52, 18,  8, 90
  ],
  j4: [
    98, 12,  8, 48, 55,
    12, 86, 94, 58
  ],
  j5: [
    12, 35, 100, 42, 49,
    72, 43,  55, 27
  ],
  j6: [
    81,  6, 67, 60, 3,
    84, 21, 78, 34
  ]
}
Mejor permutación:  1262  Tiempo:  875
[
  'j1', 'j5',
  'j3', 'j4',
  'j2', 'j0',
  'j6'
]
-------------------------------
Perfomance: 95.272ms
Máquinas: 9 Jobs:  8
Matriz de tiempos:  {
  j0: [
     9,  2, 30, 68, 83,
    69, 60, 43, 73
  ],
  j1: [
     1, 15,  65, 99, 3,
    56, 96, 100, 70
  ],
  j2: [
    63,  71, 94, 48, 67,
    72, 100, 11, 73
  ],
  j3: [
    33, 32, 39, 35, 78,
    17, 54, 65, 58
  ],
  j4: [
    13, 18, 100, 74, 61,
    18, 35,  72, 31
  ],
  j5: [
    63, 96, 91, 48, 59,
    23, 63, 68, 67
  ],
  j6: [
    58, 24, 49, 43, 44,
    13, 93, 24, 49
  ],
  j7: [
    39, 34, 68, 17, 56,
    83, 19, 19, 85
  ]
}
Mejor permutación:  4576  Tiempo:  913
[
  'j0', 'j7', 'j3',
  'j1', 'j5', 'j6',
  'j2', 'j4'
]
-------------------------------
Perfomance: 709.289ms
Máquinas: 9 Jobs:  9
Matriz de tiempos:  {
  j0: [
     2, 88, 19, 30, 31,
    58, 47, 18, 93
  ],
  j1: [
    80, 89, 56, 85, 4,
    95, 23, 89,  6
  ],
  j2: [
    71, 29, 17, 90, 63,
     1,  8, 51, 93
  ],
  j3: [
     6, 21, 82, 15, 55,
    73, 14, 89, 54
  ],
  j4: [
    22, 78, 95, 31, 77,
     8, 42, 91, 47
  ],
  j5: [
    45, 45, 91, 39, 87,
    91, 15, 62, 94
  ],
  j6: [
    32,  4, 73,  5, 18,
    54, 89, 61, 10
  ],
  j7: [
    20, 29, 78, 35, 18,
    76, 64, 94, 90
  ],
  j8: [
    85, 19, 48, 49, 87,
    26, 51, 35, 73
  ]
}
Mejor permutación:  122217  Tiempo:  933
[
  'j3', 'j0', 'j2',
  'j7', 'j5', 'j4',
  'j6', 'j8', 'j1'
]
-------------------------------
Perfomance: 10.070s

[Done] exited with code=0 in 61.035 seconds

